TN:
SF:.eslintrc.js
FNF:0
FNH:0
DA:1,0
LF:1
LH:0
BRDA:14,0,0,0
BRDA:14,0,1,0
BRF:2
BRH:0
end_of_record
TN:
SF:config\database.js
FN:3,(anonymous_0)
FN:21,(anonymous_1)
FNF:2
FNH:1
FNDA:1,(anonymous_0)
FNDA:0,(anonymous_1)
DA:1,1
DA:3,1
DA:4,1
DA:5,1
DA:13,1
DA:14,1
DA:16,0
DA:17,0
DA:21,1
DA:22,0
DA:23,0
DA:24,0
DA:26,0
DA:30,1
LF:14
LH:8
BRF:0
BRH:0
end_of_record
TN:
SF:config\environment.js
FN:15,(anonymous_0)
FN:16,(anonymous_1)
FNF:2
FNH:2
FNDA:1,(anonymous_0)
FNDA:8,(anonymous_1)
DA:4,2
DA:15,2
DA:16,8
DA:18,1
DA:19,0
DA:23,1
DA:24,0
DA:27,1
DA:28,0
DA:29,0
DA:34,2
DA:57,2
LF:12
LH:8
BRDA:18,0,0,0
BRDA:18,0,1,1
BRDA:23,1,0,0
BRDA:23,1,1,1
BRDA:23,2,0,1
BRDA:23,2,1,1
BRDA:27,3,0,0
BRDA:27,3,1,1
BRDA:28,4,0,0
BRDA:28,4,1,0
BRDA:28,5,0,0
BRDA:28,5,1,0
BRDA:35,6,0,2
BRDA:35,6,1,0
BRDA:36,7,0,2
BRDA:36,7,1,0
BRDA:42,8,0,2
BRDA:42,8,1,2
BRDA:43,9,0,2
BRDA:43,9,1,2
BRDA:52,10,0,2
BRDA:52,10,1,0
BRDA:53,11,0,2
BRDA:53,11,1,0
BRF:24
BRH:13
end_of_record
TN:
SF:controller\announcement.controller.js
FN:8,(anonymous_0)
FN:56,(anonymous_1)
FN:70,(anonymous_2)
FN:84,(anonymous_3)
FN:113,(anonymous_4)
FN:163,(anonymous_5)
FNF:6
FNH:0
FNDA:0,(anonymous_0)
FNDA:0,(anonymous_1)
FNDA:0,(anonymous_2)
FNDA:0,(anonymous_3)
FNDA:0,(anonymous_4)
FNDA:0,(anonymous_5)
DA:1,1
DA:2,1
DA:3,1
DA:4,1
DA:5,1
DA:6,1
DA:8,1
DA:9,0
DA:10,0
DA:12,0
DA:13,0
DA:15,0
DA:16,0
DA:17,0
DA:18,0
DA:20,0
DA:21,0
DA:25,0
DA:33,0
DA:44,0
DA:48,0
DA:56,1
DA:57,0
DA:59,0
DA:60,0
DA:61,0
DA:64,0
DA:65,0
DA:69,0
DA:70,0
DA:72,0
DA:76,0
DA:84,1
DA:85,0
DA:86,0
DA:88,0
DA:89,0
DA:91,0
DA:92,0
DA:95,0
DA:96,0
DA:99,0
DA:101,0
DA:105,0
DA:113,1
DA:114,0
DA:115,0
DA:116,0
DA:118,0
DA:119,0
DA:121,0
DA:122,0
DA:124,0
DA:125,0
DA:126,0
DA:127,0
DA:129,0
DA:130,0
DA:134,0
DA:135,0
DA:136,0
DA:137,0
DA:139,0
DA:151,0
DA:155,0
DA:163,1
DA:164,0
DA:165,0
DA:167,0
DA:168,0
DA:170,0
DA:171,0
DA:173,0
DA:174,0
DA:175,0
DA:176,0
DA:178,0
DA:179,0
DA:183,0
DA:185,0
DA:192,1
LF:81
LH:12
BRDA:13,0,0,0
BRDA:13,0,1,0
BRDA:16,1,0,0
BRDA:16,1,1,0
BRDA:18,2,0,0
BRDA:18,2,1,0
BRDA:20,3,0,0
BRDA:20,3,1,0
BRDA:20,4,0,0
BRDA:20,4,1,0
BRDA:38,5,0,0
BRDA:38,5,1,0
BRDA:61,6,0,0
BRDA:61,6,1,0
BRDA:64,7,0,0
BRDA:64,7,1,0
BRDA:89,8,0,0
BRDA:89,8,1,0
BRDA:92,9,0,0
BRDA:92,9,1,0
BRDA:95,10,0,0
BRDA:95,10,1,0
BRDA:95,11,0,0
BRDA:95,11,1,0
BRDA:119,12,0,0
BRDA:119,12,1,0
BRDA:122,13,0,0
BRDA:122,13,1,0
BRDA:125,14,0,0
BRDA:125,14,1,0
BRDA:127,15,0,0
BRDA:127,15,1,0
BRDA:129,16,0,0
BRDA:129,16,1,0
BRDA:129,17,0,0
BRDA:129,17,1,0
BRDA:144,18,0,0
BRDA:144,18,1,0
BRDA:168,19,0,0
BRDA:168,19,1,0
BRDA:171,20,0,0
BRDA:171,20,1,0
BRDA:174,21,0,0
BRDA:174,21,1,0
BRDA:176,22,0,0
BRDA:176,22,1,0
BRDA:178,23,0,0
BRDA:178,23,1,0
BRDA:178,24,0,0
BRDA:178,24,1,0
BRF:50
BRH:0
end_of_record
TN:
SF:controller\applicant_controller.js
FN:7,(anonymous_0)
FN:22,(anonymous_1)
FN:43,(anonymous_2)
FN:72,(anonymous_3)
FN:102,(anonymous_4)
FN:131,(anonymous_5)
FN:161,(anonymous_6)
FN:189,(anonymous_7)
FN:234,(anonymous_8)
FN:252,(anonymous_9)
FN:253,(anonymous_10)
FNF:11
FNH:0
FNDA:0,(anonymous_0)
FNDA:0,(anonymous_1)
FNDA:0,(anonymous_2)
FNDA:0,(anonymous_3)
FNDA:0,(anonymous_4)
FNDA:0,(anonymous_5)
FNDA:0,(anonymous_6)
FNDA:0,(anonymous_7)
FNDA:0,(anonymous_8)
FNDA:0,(anonymous_9)
FNDA:0,(anonymous_10)
DA:1,1
DA:2,1
DA:3,1
DA:4,1
DA:7,1
DA:8,0
DA:10,0
DA:12,0
DA:14,0
DA:15,0
DA:16,0
DA:22,0
DA:23,0
DA:24,0
DA:30,0
DA:34,0
DA:36,0
DA:43,1
DA:44,0
DA:46,0
DA:48,0
DA:49,0
DA:55,0
DA:56,0
DA:57,0
DA:64,0
DA:65,0
DA:66,0
DA:72,0
DA:73,0
DA:74,0
DA:79,0
DA:82,0
DA:88,0
DA:93,0
DA:95,0
DA:102,1
DA:103,0
DA:105,0
DA:107,0
DA:108,0
DA:114,0
DA:115,0
DA:116,0
DA:123,0
DA:124,0
DA:125,0
DA:131,0
DA:132,0
DA:133,0
DA:138,0
DA:141,0
DA:147,0
DA:152,0
DA:154,0
DA:161,1
DA:162,0
DA:163,0
DA:164,0
DA:165,0
DA:171,0
DA:172,0
DA:178,0
DA:181,0
DA:189,1
DA:190,0
DA:191,0
DA:193,0
DA:194,0
DA:195,0
DA:201,0
DA:204,0
DA:205,0
DA:212,0
DA:213,0
DA:219,0
DA:234,1
DA:235,0
DA:237,0
DA:238,0
DA:239,0
DA:246,0
DA:252,0
DA:253,0
DA:254,0
DA:268,0
DA:275,1
LF:87
LH:11
BRDA:15,0,0,0
BRDA:15,0,1,0
BRDA:23,1,0,0
BRDA:23,1,1,0
BRDA:48,2,0,0
BRDA:48,2,1,0
BRDA:56,3,0,0
BRDA:56,3,1,0
BRDA:65,4,0,0
BRDA:65,4,1,0
BRDA:65,5,0,0
BRDA:65,5,1,0
BRDA:65,5,2,0
BRDA:73,6,0,0
BRDA:73,6,1,0
BRDA:107,7,0,0
BRDA:107,7,1,0
BRDA:115,8,0,0
BRDA:115,8,1,0
BRDA:124,9,0,0
BRDA:124,9,1,0
BRDA:124,10,0,0
BRDA:124,10,1,0
BRDA:124,10,2,0
BRDA:132,11,0,0
BRDA:132,11,1,0
BRDA:164,12,0,0
BRDA:164,12,1,0
BRDA:171,13,0,0
BRDA:171,13,1,0
BRDA:194,14,0,0
BRDA:194,14,1,0
BRDA:204,15,0,0
BRDA:204,15,1,0
BRDA:212,16,0,0
BRDA:212,16,1,0
BRDA:212,17,0,0
BRDA:212,17,1,0
BRDA:238,18,0,0
BRDA:238,18,1,0
BRF:40
BRH:0
end_of_record
TN:
SF:controller\blog.controller.js
FN:7,(anonymous_0)
FN:26,(anonymous_1)
FNF:2
FNH:0
FNDA:0,(anonymous_0)
FNDA:0,(anonymous_1)
DA:1,1
DA:2,1
DA:3,1
DA:4,1
DA:5,1
DA:7,1
DA:8,0
DA:9,0
DA:11,0
DA:18,0
DA:20,0
DA:22,0
DA:26,1
DA:27,0
DA:28,0
DA:30,0
DA:32,0
DA:36,1
LF:18
LH:8
BRF:0
BRH:0
end_of_record
TN:
SF:controller\committee.controller.js
FNF:0
FNH:0
LF:0
LH:0
BRF:0
BRH:0
end_of_record
TN:
SF:controller\component.controller.js
FN:18,(anonymous_0)
FN:52,(anonymous_1)
FN:59,(anonymous_2)
FN:71,(anonymous_3)
FN:101,(anonymous_4)
FN:138,(anonymous_5)
FN:144,(anonymous_6)
FN:146,(anonymous_7)
FN:161,(anonymous_8)
FN:185,(anonymous_9)
FN:217,(anonymous_10)
FN:255,(anonymous_11)
FN:272,(anonymous_12)
FN:304,(anonymous_13)
FN:312,(anonymous_14)
FN:323,(anonymous_15)
FN:344,(anonymous_16)
FNF:17
FNH:0
FNDA:0,(anonymous_0)
FNDA:0,(anonymous_1)
FNDA:0,(anonymous_2)
FNDA:0,(anonymous_3)
FNDA:0,(anonymous_4)
FNDA:0,(anonymous_5)
FNDA:0,(anonymous_6)
FNDA:0,(anonymous_7)
FNDA:0,(anonymous_8)
FNDA:0,(anonymous_9)
FNDA:0,(anonymous_10)
FNDA:0,(anonymous_11)
FNDA:0,(anonymous_12)
FNDA:0,(anonymous_13)
FNDA:0,(anonymous_14)
FNDA:0,(anonymous_15)
FNDA:0,(anonymous_16)
DA:1,1
DA:2,1
DA:3,1
DA:4,1
DA:5,1
DA:6,1
DA:7,1
DA:8,1
DA:9,1
DA:10,1
DA:11,1
DA:12,1
DA:13,1
DA:18,1
DA:19,0
DA:20,0
DA:21,0
DA:22,0
DA:23,0
DA:24,0
DA:26,0
DA:27,0
DA:42,0
DA:44,0
DA:46,0
DA:48,0
DA:52,1
DA:54,0
DA:59,0
DA:60,0
DA:62,0
DA:63,0
DA:64,0
DA:66,0
DA:71,1
DA:72,0
DA:73,0
DA:74,0
DA:76,0
DA:77,0
DA:78,0
DA:79,0
DA:82,0
DA:83,0
DA:84,0
DA:85,0
DA:87,0
DA:91,0
DA:93,0
DA:95,0
DA:101,1
DA:102,0
DA:103,0
DA:104,0
DA:105,0
DA:106,0
DA:107,0
DA:108,0
DA:109,0
DA:111,0
DA:112,0
DA:113,0
DA:115,0
DA:116,0
DA:117,0
DA:118,0
DA:120,0
DA:121,0
DA:122,0
DA:124,0
DA:126,0
DA:138,1
DA:139,0
DA:140,0
DA:141,0
DA:142,0
DA:143,0
DA:144,0
DA:145,0
DA:146,0
DA:147,0
DA:148,0
DA:151,0
DA:161,0
DA:162,0
DA:170,0
DA:172,0
DA:185,1
DA:186,0
DA:187,0
DA:188,0
DA:191,0
DA:192,0
DA:193,0
DA:195,0
DA:196,0
DA:197,0
DA:198,0
DA:199,0
DA:200,0
DA:202,0
DA:203,0
DA:204,0
DA:206,0
DA:207,0
DA:208,0
DA:211,0
DA:212,0
DA:213,0
DA:214,0
DA:217,1
DA:219,0
DA:220,0
DA:221,0
DA:222,0
DA:223,0
DA:224,0
DA:226,0
DA:227,0
DA:228,0
DA:230,0
DA:231,0
DA:232,0
DA:233,0
DA:235,0
DA:236,0
DA:237,0
DA:239,0
DA:240,0
DA:241,0
DA:243,0
DA:249,0
DA:250,0
DA:251,0
DA:255,1
DA:256,0
DA:257,0
DA:258,0
DA:259,0
DA:260,0
DA:262,0
DA:263,0
DA:264,0
DA:266,0
DA:267,0
DA:268,0
DA:272,1
DA:273,0
DA:274,0
DA:275,0
DA:276,0
DA:277,0
DA:278,0
DA:280,0
DA:282,0
DA:283,0
DA:294,0
DA:295,0
DA:297,0
DA:304,1
DA:305,0
DA:309,0
DA:312,1
DA:313,0
DA:316,0
DA:317,0
DA:318,0
DA:320,0
DA:323,1
DA:324,0
DA:335,0
DA:336,0
DA:337,0
DA:339,0
DA:344,1
DA:345,0
DA:356,0
DA:357,0
DA:358,0
DA:360,0
DA:363,1
LF:181
LH:27
BRDA:22,0,0,0
BRDA:22,0,1,0
BRDA:62,1,0,0
BRDA:62,1,1,0
BRDA:77,2,0,0
BRDA:77,2,1,0
BRDA:83,3,0,0
BRDA:83,3,1,0
BRDA:107,4,0,0
BRDA:107,4,1,0
BRDA:111,5,0,0
BRDA:111,5,1,0
BRDA:116,6,0,0
BRDA:116,6,1,0
BRDA:191,7,0,0
BRDA:191,7,1,0
BRDA:198,8,0,0
BRDA:198,8,1,0
BRDA:202,9,0,0
BRDA:202,9,1,0
BRDA:206,10,0,0
BRDA:206,10,1,0
BRDA:222,11,0,0
BRDA:222,11,1,0
BRDA:226,12,0,0
BRDA:226,12,1,0
BRDA:226,13,0,0
BRDA:226,13,1,0
BRDA:231,14,0,0
BRDA:231,14,1,0
BRDA:235,15,0,0
BRDA:235,15,1,0
BRDA:239,16,0,0
BRDA:239,16,1,0
BRDA:258,17,0,0
BRDA:258,17,1,0
BRDA:262,18,0,0
BRDA:262,18,1,0
BRDA:276,19,0,0
BRDA:276,19,1,0
BRDA:316,20,0,0
BRDA:316,20,1,0
BRDA:335,21,0,0
BRDA:335,21,1,0
BRDA:356,22,0,0
BRDA:356,22,1,0
BRF:46
BRH:0
end_of_record
TN:
SF:controller\course_controller.js
FN:10,(anonymous_0)
FN:20,(anonymous_1)
FN:26,(anonymous_2)
FN:35,(anonymous_3)
FN:49,(anonymous_4)
FN:60,(anonymous_5)
FN:74,(anonymous_6)
FN:90,(anonymous_7)
FN:102,(anonymous_8)
FN:116,(anonymous_9)
FN:125,(anonymous_10)
FN:150,(anonymous_11)
FN:168,(anonymous_12)
FN:191,(anonymous_13)
FN:213,(anonymous_14)
FN:225,(anonymous_15)
FN:258,(anonymous_16)
FN:269,(anonymous_17)
FN:270,(anonymous_18)
FN:272,(anonymous_19)
FNF:20
FNH:0
FNDA:0,(anonymous_0)
FNDA:0,(anonymous_1)
FNDA:0,(anonymous_2)
FNDA:0,(anonymous_3)
FNDA:0,(anonymous_4)
FNDA:0,(anonymous_5)
FNDA:0,(anonymous_6)
FNDA:0,(anonymous_7)
FNDA:0,(anonymous_8)
FNDA:0,(anonymous_9)
FNDA:0,(anonymous_10)
FNDA:0,(anonymous_11)
FNDA:0,(anonymous_12)
FNDA:0,(anonymous_13)
FNDA:0,(anonymous_14)
FNDA:0,(anonymous_15)
FNDA:0,(anonymous_16)
FNDA:0,(anonymous_17)
FNDA:0,(anonymous_18)
FNDA:0,(anonymous_19)
DA:1,1
DA:2,1
DA:3,1
DA:4,1
DA:5,1
DA:10,1
DA:11,0
DA:13,0
DA:14,0
DA:16,0
DA:20,1
DA:21,0
DA:22,0
DA:26,1
DA:27,0
DA:28,0
DA:29,0
DA:31,0
DA:35,1
DA:36,0
DA:37,0
DA:42,0
DA:43,0
DA:45,0
DA:49,1
DA:50,0
DA:51,0
DA:52,0
DA:54,0
DA:60,1
DA:61,0
DA:62,0
DA:63,0
DA:64,0
DA:66,0
DA:67,0
DA:68,0
DA:70,0
DA:74,1
DA:75,0
DA:76,0
DA:81,0
DA:82,0
DA:84,0
DA:90,1
DA:91,0
DA:92,0
DA:93,0
DA:94,0
DA:96,0
DA:97,0
DA:98,0
DA:102,1
DA:103,0
DA:104,0
DA:109,0
DA:110,0
DA:112,0
DA:116,1
DA:117,0
DA:118,0
DA:119,0
DA:121,0
DA:125,1
DA:126,0
DA:127,0
DA:129,0
DA:142,0
DA:143,0
DA:146,0
DA:150,1
DA:151,0
DA:152,0
DA:153,0
DA:154,0
DA:156,0
DA:157,0
DA:158,0
DA:160,0
DA:161,0
DA:162,0
DA:168,1
DA:169,0
DA:170,0
DA:171,0
DA:173,0
DA:174,0
DA:175,0
DA:178,0
DA:179,0
DA:180,0
DA:183,0
DA:184,0
DA:185,0
DA:187,0
DA:191,1
DA:192,0
DA:193,0
DA:195,0
DA:196,0
DA:197,0
DA:200,0
DA:201,0
DA:202,0
DA:203,0
DA:206,0
DA:207,0
DA:209,0
DA:213,1
DA:214,0
DA:215,0
DA:216,0
DA:217,0
DA:220,0
DA:221,0
DA:225,1
DA:227,0
DA:230,0
DA:231,0
DA:233,0
DA:234,0
DA:235,0
DA:236,0
DA:237,0
DA:238,0
DA:239,0
DA:241,0
DA:254,0
DA:258,1
DA:259,0
DA:261,0
DA:262,0
DA:263,0
DA:266,0
DA:268,0
DA:269,0
DA:270,0
DA:271,0
DA:272,0
DA:274,0
DA:286,0
DA:291,1
LF:142
LH:23
BRDA:28,0,0,0
BRDA:28,0,1,0
BRDA:42,1,0,0
BRDA:42,1,1,0
BRDA:51,2,0,0
BRDA:51,2,1,0
BRDA:63,3,0,0
BRDA:63,3,1,0
BRDA:66,4,0,0
BRDA:66,4,1,0
BRDA:81,5,0,0
BRDA:81,5,1,0
BRDA:93,6,0,0
BRDA:93,6,1,0
BRDA:109,7,0,0
BRDA:109,7,1,0
BRDA:118,8,0,0
BRDA:118,8,1,0
BRDA:142,9,0,0
BRDA:142,9,1,0
BRDA:153,10,0,0
BRDA:153,10,1,0
BRDA:157,11,0,0
BRDA:157,11,1,0
BRDA:174,12,0,0
BRDA:174,12,1,0
BRDA:179,13,0,0
BRDA:179,13,1,0
BRDA:196,14,0,0
BRDA:196,14,1,0
BRDA:202,15,0,0
BRDA:202,15,1,0
BRDA:216,16,0,0
BRDA:216,16,1,0
BRDA:227,17,0,0
BRDA:227,17,1,0
BRDA:230,18,0,0
BRDA:230,18,1,0
BRDA:235,19,0,0
BRDA:235,19,1,0
BRDA:236,20,0,0
BRDA:236,20,1,0
BRDA:237,21,0,0
BRDA:237,21,1,0
BRDA:238,22,0,0
BRDA:238,22,1,0
BRDA:239,23,0,0
BRDA:239,23,1,0
BRDA:239,24,0,0
BRDA:239,24,1,0
BRDA:239,25,0,0
BRDA:239,25,1,0
BRDA:262,26,0,0
BRDA:262,26,1,0
BRDA:280,27,0,0
BRDA:280,27,1,0
BRDA:280,28,0,0
BRDA:280,28,1,0
BRF:58
BRH:0
end_of_record
TN:
SF:controller\guest.controller.js
FN:8,(anonymous_0)
FN:20,(anonymous_1)
FN:34,(anonymous_2)
FN:47,(anonymous_3)
FNF:4
FNH:0
FNDA:0,(anonymous_0)
FNDA:0,(anonymous_1)
FNDA:0,(anonymous_2)
FNDA:0,(anonymous_3)
DA:4,1
DA:6,1
DA:8,1
DA:9,0
DA:11,0
DA:12,0
DA:13,0
DA:14,0
DA:20,0
DA:21,0
DA:22,0
DA:24,0
DA:26,0
DA:27,0
DA:34,1
DA:36,0
DA:47,0
DA:51,0
DA:53,0
DA:54,0
DA:57,0
DA:65,1
LF:22
LH:5
BRDA:12,0,0,0
BRDA:12,0,1,0
BRDA:21,1,0,0
BRDA:21,1,1,0
BRF:4
BRH:0
end_of_record
TN:
SF:controller\lap.controller.js
FN:6,(anonymous_0)
FN:20,(anonymous_1)
FNF:2
FNH:0
FNDA:0,(anonymous_0)
FNDA:0,(anonymous_1)
DA:1,1
DA:2,1
DA:3,1
DA:4,1
DA:5,1
DA:6,1
DA:7,0
DA:8,0
DA:9,0
DA:10,0
DA:11,0
DA:13,0
DA:14,0
DA:15,0
DA:16,0
DA:17,0
DA:20,1
DA:21,0
DA:23,0
DA:24,0
DA:25,0
DA:27,0
DA:28,0
DA:29,0
DA:35,0
DA:44,0
DA:52,1
LF:27
LH:8
BRDA:9,0,0,0
BRDA:9,0,1,0
BRF:2
BRH:0
end_of_record
TN:
SF:controller\meeting.js
FN:6,(anonymous_0)
FN:37,(anonymous_1)
FN:50,(anonymous_2)
FN:61,(anonymous_3)
FN:85,(anonymous_4)
FN:86,(anonymous_5)
FNF:6
FNH:0
FNDA:0,(anonymous_0)
FNDA:0,(anonymous_1)
FNDA:0,(anonymous_2)
FNDA:0,(anonymous_3)
FNDA:0,(anonymous_4)
FNDA:0,(anonymous_5)
DA:1,1
DA:2,1
DA:3,1
DA:6,1
DA:9,0
DA:10,0
DA:11,0
DA:12,0
DA:13,0
DA:15,0
DA:16,0
DA:17,0
DA:18,0
DA:19,0
DA:25,0
DA:27,0
DA:33,0
DA:34,0
DA:37,1
DA:38,0
DA:39,0
DA:40,0
DA:41,0
DA:43,0
DA:46,0
DA:50,1
DA:51,0
DA:52,0
DA:53,0
DA:54,0
DA:56,0
DA:61,1
DA:62,0
DA:63,0
DA:64,0
DA:65,0
DA:66,0
DA:68,0
DA:69,0
DA:70,0
DA:82,0
DA:83,0
DA:84,0
DA:85,0
DA:86,0
DA:87,0
DA:88,0
DA:89,0
DA:94,0
DA:95,0
DA:97,0
DA:99,0
DA:100,0
DA:102,0
DA:103,0
DA:104,0
DA:106,0
DA:112,1
LF:58
LH:8
BRDA:12,0,0,0
BRDA:12,0,1,0
BRDA:40,1,0,0
BRDA:40,1,1,0
BRDA:53,2,0,0
BRDA:53,2,1,0
BRDA:65,3,0,0
BRDA:65,3,1,0
BRDA:69,4,0,0
BRDA:69,4,1,0
BRDA:88,5,0,0
BRDA:88,5,1,0
BRDA:94,6,0,0
BRDA:94,6,1,0
BRDA:99,7,0,0
BRDA:99,7,1,0
BRF:16
BRH:0
end_of_record
TN:
SF:controller\member.controller.js
FN:55,(anonymous_0)
FN:68,(anonymous_1)
FN:138,(anonymous_2)
FN:152,(anonymous_3)
FN:213,(anonymous_4)
FN:227,(anonymous_5)
FN:244,(anonymous_6)
FN:289,(anonymous_7)
FN:322,(anonymous_8)
FN:346,(anonymous_9)
FN:381,(anonymous_10)
FN:395,(anonymous_11)
FN:413,(anonymous_12)
FN:452,(anonymous_13)
FN:489,(anonymous_14)
FN:541,(anonymous_15)
FN:583,(anonymous_16)
FN:630,(anonymous_17)
FN:686,(anonymous_18)
FN:730,(anonymous_19)
FN:784,(anonymous_20)
FN:827,(anonymous_21)
FN:860,(anonymous_22)
FN:886,(anonymous_23)
FN:907,(anonymous_24)
FN:912,(anonymous_25)
FN:916,(anonymous_26)
FN:1394,(anonymous_27)
FN:1403,(anonymous_28)
FN:1624,(anonymous_29)
FN:1644,(anonymous_30)
FN:1696,(anonymous_31)
FN:1741,(anonymous_32)
FNF:33
FNH:0
FNDA:0,(anonymous_0)
FNDA:0,(anonymous_1)
FNDA:0,(anonymous_2)
FNDA:0,(anonymous_3)
FNDA:0,(anonymous_4)
FNDA:0,(anonymous_5)
FNDA:0,(anonymous_6)
FNDA:0,(anonymous_7)
FNDA:0,(anonymous_8)
FNDA:0,(anonymous_9)
FNDA:0,(anonymous_10)
FNDA:0,(anonymous_11)
FNDA:0,(anonymous_12)
FNDA:0,(anonymous_13)
FNDA:0,(anonymous_14)
FNDA:0,(anonymous_15)
FNDA:0,(anonymous_16)
FNDA:0,(anonymous_17)
FNDA:0,(anonymous_18)
FNDA:0,(anonymous_19)
FNDA:0,(anonymous_20)
FNDA:0,(anonymous_21)
FNDA:0,(anonymous_22)
FNDA:0,(anonymous_23)
FNDA:0,(anonymous_24)
FNDA:0,(anonymous_25)
FNDA:0,(anonymous_26)
FNDA:0,(anonymous_27)
FNDA:0,(anonymous_28)
FNDA:0,(anonymous_29)
FNDA:0,(anonymous_30)
FNDA:0,(anonymous_31)
FNDA:0,(anonymous_32)
DA:1,1
DA:2,1
DA:3,1
DA:4,1
DA:5,1
DA:6,1
DA:9,1
DA:12,1
DA:15,1
DA:18,1
DA:21,1
DA:23,1
DA:25,1
DA:26,1
DA:28,1
DA:31,1
DA:32,1
DA:33,1
DA:37,1
DA:55,1
DA:56,0
DA:57,0
DA:59,0
DA:60,0
DA:61,0
DA:62,0
DA:63,0
DA:67,1
DA:68,1
DA:71,0
DA:72,0
DA:73,0
DA:74,0
DA:76,0
DA:77,0
DA:78,0
DA:81,0
DA:82,0
DA:84,0
DA:86,0
DA:87,0
DA:89,0
DA:90,0
DA:91,0
DA:97,0
DA:98,0
DA:101,0
DA:102,0
DA:103,0
DA:104,0
DA:108,0
DA:109,0
DA:117,0
DA:118,0
DA:119,0
DA:121,0
DA:122,0
DA:123,0
DA:129,0
DA:138,1
DA:140,0
DA:141,0
DA:143,0
DA:144,0
DA:145,0
DA:147,0
DA:148,0
DA:152,1
DA:155,0
DA:156,0
DA:157,0
DA:162,0
DA:163,0
DA:164,0
DA:168,0
DA:169,0
DA:170,0
DA:175,0
DA:176,0
DA:177,0
DA:178,0
DA:182,0
DA:183,0
DA:184,0
DA:186,0
DA:188,0
DA:191,0
DA:192,0
DA:193,0
DA:194,0
DA:195,0
DA:197,0
DA:198,0
DA:203,0
DA:204,0
DA:213,1
DA:215,0
DA:217,0
DA:227,1
DA:228,0
DA:229,0
DA:230,0
DA:233,0
DA:234,0
DA:236,0
DA:240,0
DA:244,1
DA:245,0
DA:246,0
DA:247,0
DA:248,0
DA:249,0
DA:251,0
DA:252,0
DA:253,0
DA:254,0
DA:255,0
DA:256,0
DA:258,0
DA:259,0
DA:260,0
DA:266,0
DA:267,0
DA:268,0
DA:269,0
DA:271,0
DA:273,0
DA:274,0
DA:280,0
DA:289,1
DA:290,0
DA:292,0
DA:293,0
DA:294,0
DA:295,0
DA:296,0
DA:297,0
DA:298,0
DA:299,0
DA:300,0
DA:302,0
DA:308,0
DA:314,0
DA:315,0
DA:321,1
DA:325,0
DA:326,0
DA:328,0
DA:330,0
DA:332,0
DA:333,0
DA:334,0
DA:346,1
DA:348,0
DA:349,0
DA:350,0
DA:351,0
DA:352,0
DA:354,0
DA:355,0
DA:356,0
DA:357,0
DA:358,0
DA:361,0
DA:363,0
DA:364,0
DA:365,0
DA:371,0
DA:380,1
DA:382,0
DA:383,0
DA:384,0
DA:385,0
DA:388,0
DA:391,0
DA:395,1
DA:396,0
DA:397,0
DA:399,0
DA:400,0
DA:406,0
DA:413,1
DA:416,0
DA:417,0
DA:418,0
DA:419,0
DA:420,0
DA:421,0
DA:424,0
DA:425,0
DA:426,0
DA:428,0
DA:429,0
DA:430,0
DA:432,0
DA:433,0
DA:436,0
DA:441,0
DA:444,0
DA:452,1
DA:453,0
DA:454,0
DA:455,0
DA:456,0
DA:457,0
DA:458,0
DA:460,0
DA:461,0
DA:462,0
DA:463,0
DA:464,0
DA:465,0
DA:467,0
DA:468,0
DA:469,0
DA:470,0
DA:472,0
DA:473,0
DA:475,0
DA:476,0
DA:479,0
DA:480,0
DA:482,0
DA:489,1
DA:490,0
DA:491,0
DA:492,0
DA:493,0
DA:494,0
DA:495,0
DA:496,0
DA:502,0
DA:503,0
DA:504,0
DA:505,0
DA:506,0
DA:507,0
DA:511,0
DA:512,0
DA:513,0
DA:515,0
DA:516,0
DA:522,0
DA:532,0
DA:541,1
DA:543,0
DA:544,0
DA:547,0
DA:548,0
DA:549,0
DA:550,0
DA:551,0
DA:554,0
DA:556,0
DA:557,0
DA:558,0
DA:561,0
DA:562,0
DA:563,0
DA:582,1
DA:584,0
DA:591,0
DA:592,0
DA:593,0
DA:594,0
DA:595,0
DA:598,0
DA:599,0
DA:600,0
DA:606,0
DA:607,0
DA:615,0
DA:622,0
DA:623,0
DA:629,1
DA:631,0
DA:638,0
DA:642,0
DA:643,0
DA:644,0
DA:645,0
DA:651,0
DA:652,0
DA:655,0
DA:659,0
DA:660,0
DA:661,0
DA:664,0
DA:665,0
DA:666,0
DA:667,0
DA:668,0
DA:669,0
DA:670,0
DA:671,0
DA:672,0
DA:675,0
DA:679,0
DA:685,1
DA:688,0
DA:690,0
DA:691,0
DA:692,0
DA:693,0
DA:699,0
DA:700,0
DA:704,0
DA:715,0
DA:716,0
DA:717,0
DA:720,0
DA:729,1
DA:733,0
DA:734,0
DA:735,0
DA:736,0
DA:737,0
DA:738,0
DA:744,0
DA:745,0
DA:748,0
DA:749,0
DA:750,0
DA:751,0
DA:754,0
DA:756,0
DA:757,0
DA:758,0
DA:764,0
DA:765,0
DA:767,0
DA:768,0
DA:771,0
DA:773,0
DA:774,0
DA:776,0
DA:784,1
DA:785,0
DA:786,0
DA:787,0
DA:788,0
DA:789,0
DA:790,0
DA:792,0
DA:793,0
DA:795,0
DA:796,0
DA:800,0
DA:801,0
DA:802,0
DA:806,0
DA:807,0
DA:808,0
DA:812,0
DA:813,0
DA:814,0
DA:815,0
DA:818,0
DA:820,0
DA:822,0
DA:824,0
DA:827,1
DA:828,0
DA:831,0
DA:832,0
DA:835,0
DA:836,0
DA:839,0
DA:840,0
DA:843,0
DA:844,0
DA:848,0
DA:849,0
DA:852,0
DA:854,0
DA:855,0
DA:856,0
DA:860,0
DA:862,0
DA:864,0
DA:871,0
DA:874,0
DA:875,0
DA:876,0
DA:880,0
DA:883,0
DA:886,0
DA:888,0
DA:898,0
DA:900,0
DA:902,0
DA:903,0
DA:907,1
DA:908,0
DA:909,0
DA:911,0
DA:912,0
DA:916,1
DA:917,0
DA:1394,0
DA:1403,1
DA:1404,0
DA:1624,0
DA:1641,1
DA:1644,1
DA:1645,0
DA:1646,0
DA:1648,0
DA:1649,0
DA:1652,0
DA:1653,0
DA:1654,0
DA:1655,0
DA:1663,0
DA:1676,0
DA:1677,0
DA:1678,0
DA:1681,0
DA:1682,0
DA:1696,1
DA:1697,0
DA:1741,1
DA:1742,0
DA:1743,0
DA:1744,0
DA:1746,0
DA:1747,0
DA:1748,0
DA:1750,0
DA:1751,0
DA:1752,0
DA:1753,0
DA:1755,0
DA:1767,0
DA:1768,0
DA:1769,0
DA:1776,0
DA:1781,1
LF:438
LH:50
BRDA:71,0,0,0
BRDA:71,0,1,0
BRDA:78,1,0,0
BRDA:78,1,1,0
BRDA:78,2,0,0
BRDA:78,2,1,0
BRDA:84,3,0,0
BRDA:84,3,1,0
BRDA:102,4,0,0
BRDA:102,4,1,0
BRDA:162,5,0,0
BRDA:162,5,1,0
BRDA:168,6,0,0
BRDA:168,6,1,0
BRDA:176,7,0,0
BRDA:176,7,1,0
BRDA:182,8,0,0
BRDA:182,8,1,0
BRDA:192,9,0,0
BRDA:192,9,1,0
BRDA:197,10,0,0
BRDA:197,10,1,0
BRDA:229,11,0,0
BRDA:229,11,1,0
BRDA:233,12,0,0
BRDA:233,12,1,0
BRDA:247,13,0,0
BRDA:247,13,1,0
BRDA:247,14,0,0
BRDA:247,14,1,0
BRDA:254,15,0,0
BRDA:254,15,1,0
BRDA:254,16,0,0
BRDA:254,16,1,0
BRDA:258,17,0,0
BRDA:258,17,1,0
BRDA:267,18,0,0
BRDA:267,18,1,0
BRDA:294,19,0,0
BRDA:294,19,1,0
BRDA:333,20,0,0
BRDA:333,20,1,0
BRDA:356,21,0,0
BRDA:356,21,1,0
BRDA:364,22,0,0
BRDA:364,22,1,0
BRDA:383,23,0,0
BRDA:383,23,1,0
BRDA:419,24,0,0
BRDA:419,24,1,0
BRDA:428,25,0,0
BRDA:428,25,1,0
BRDA:429,26,0,0
BRDA:429,26,1,0
BRDA:456,27,0,0
BRDA:456,27,1,0
BRDA:463,28,0,0
BRDA:463,28,1,0
BRDA:467,29,0,0
BRDA:467,29,1,0
BRDA:468,30,0,0
BRDA:468,30,1,0
BRDA:472,31,0,0
BRDA:472,31,1,0
BRDA:494,32,0,0
BRDA:494,32,1,0
BRDA:503,33,0,0
BRDA:503,33,1,0
BRDA:505,34,0,0
BRDA:505,34,1,0
BRDA:511,35,0,0
BRDA:511,35,1,0
BRDA:549,36,0,0
BRDA:549,36,1,0
BRDA:556,37,0,0
BRDA:556,37,1,0
BRDA:593,38,0,0
BRDA:593,38,1,0
BRDA:600,39,0,0
BRDA:600,39,1,0
BRDA:600,40,0,0
BRDA:600,40,1,0
BRDA:600,40,2,0
BRDA:600,40,3,0
BRDA:600,40,4,0
BRDA:600,40,5,0
BRDA:600,40,6,0
BRDA:645,41,0,0
BRDA:645,41,1,0
BRDA:645,42,0,0
BRDA:645,42,1,0
BRDA:645,42,2,0
BRDA:645,42,3,0
BRDA:645,42,4,0
BRDA:645,42,5,0
BRDA:645,42,6,0
BRDA:659,43,0,0
BRDA:659,43,1,0
BRDA:693,44,0,0
BRDA:693,44,1,0
BRDA:693,45,0,0
BRDA:693,45,1,0
BRDA:693,45,2,0
BRDA:693,45,3,0
BRDA:693,45,4,0
BRDA:693,45,5,0
BRDA:693,45,6,0
BRDA:715,46,0,0
BRDA:715,46,1,0
BRDA:738,47,0,0
BRDA:738,47,1,0
BRDA:738,48,0,0
BRDA:738,48,1,0
BRDA:738,48,2,0
BRDA:738,48,3,0
BRDA:738,48,4,0
BRDA:738,48,5,0
BRDA:738,48,6,0
BRDA:748,49,0,0
BRDA:748,49,1,0
BRDA:756,50,0,0
BRDA:756,50,1,0
BRDA:756,51,0,0
BRDA:756,51,1,0
BRDA:756,51,2,0
BRDA:765,52,0,0
BRDA:765,52,1,0
BRDA:795,53,0,0
BRDA:795,53,1,0
BRDA:801,54,0,0
BRDA:801,54,1,0
BRDA:807,55,0,0
BRDA:807,55,1,0
BRDA:831,56,0,0
BRDA:831,56,1,0
BRDA:835,57,0,0
BRDA:835,57,1,0
BRDA:835,58,0,0
BRDA:835,58,1,0
BRDA:839,59,0,0
BRDA:839,59,1,0
BRDA:839,60,0,0
BRDA:839,60,1,0
BRDA:843,61,0,0
BRDA:843,61,1,0
BRDA:843,62,0,0
BRDA:843,62,1,0
BRDA:848,63,0,0
BRDA:848,63,1,0
BRDA:855,64,0,0
BRDA:855,64,1,0
BRDA:862,65,0,0
BRDA:862,65,1,0
BRDA:912,66,0,0
BRDA:912,66,1,0
BRDA:1321,67,0,0
BRDA:1321,67,1,0
BRDA:1344,68,0,0
BRDA:1344,68,1,0
BRDA:1353,69,0,0
BRDA:1353,69,1,0
BRDA:1362,70,0,0
BRDA:1362,70,1,0
BRDA:1394,71,0,0
BRDA:1394,71,1,0
BRDA:1574,72,0,0
BRDA:1574,72,1,0
BRDA:1627,73,0,0
BRDA:1627,73,1,0
BRDA:1648,74,0,0
BRDA:1648,74,1,0
BRDA:1654,75,0,0
BRDA:1654,75,1,0
BRDA:1676,76,0,0
BRDA:1676,76,1,0
BRDA:1743,77,0,0
BRDA:1743,77,1,0
BRDA:1747,78,0,0
BRDA:1747,78,1,0
BRDA:1752,79,0,0
BRDA:1752,79,1,0
BRF:181
BRH:0
end_of_record
TN:
SF:controller\track_controller.js
FN:9,(anonymous_0)
FN:46,(anonymous_1)
FN:87,(anonymous_2)
FN:112,(anonymous_3)
FN:167,(anonymous_4)
FN:217,(anonymous_5)
FN:263,(anonymous_6)
FN:309,(anonymous_7)
FN:355,(anonymous_8)
FNF:9
FNH:0
FNDA:0,(anonymous_0)
FNDA:0,(anonymous_1)
FNDA:0,(anonymous_2)
FNDA:0,(anonymous_3)
FNDA:0,(anonymous_4)
FNDA:0,(anonymous_5)
FNDA:0,(anonymous_6)
FNDA:0,(anonymous_7)
FNDA:0,(anonymous_8)
DA:2,1
DA:3,1
DA:4,1
DA:5,1
DA:6,1
DA:9,1
DA:10,0
DA:11,0
DA:12,0
DA:13,0
DA:18,0
DA:19,0
DA:23,0
DA:25,0
DA:36,0
DA:38,0
DA:46,1
DA:47,0
DA:48,0
DA:49,0
DA:50,0
DA:56,0
DA:64,0
DA:79,0
DA:87,1
DA:88,0
DA:90,0
DA:98,0
DA:99,0
DA:105,0
DA:112,1
DA:113,0
DA:114,0
DA:116,0
DA:117,0
DA:118,0
DA:123,0
DA:124,0
DA:129,0
DA:130,0
DA:136,0
DA:152,0
DA:153,0
DA:159,0
DA:167,1
DA:168,0
DA:170,0
DA:171,0
DA:172,0
DA:177,0
DA:178,0
DA:183,0
DA:184,0
DA:185,0
DA:190,0
DA:191,0
DA:196,0
DA:197,0
DA:203,0
DA:217,1
DA:218,0
DA:221,0
DA:222,0
DA:223,0
DA:228,0
DA:229,0
DA:235,0
DA:236,0
DA:237,0
DA:242,0
DA:243,0
DA:249,0
DA:255,0
DA:263,1
DA:264,0
DA:267,0
DA:268,0
DA:269,0
DA:274,0
DA:275,0
DA:281,0
DA:282,0
DA:283,0
DA:288,0
DA:289,0
DA:295,0
DA:301,0
DA:309,1
DA:310,0
DA:313,0
DA:314,0
DA:315,0
DA:320,0
DA:321,0
DA:327,0
DA:328,0
DA:329,0
DA:334,0
DA:335,0
DA:341,0
DA:347,0
DA:355,1
DA:356,0
DA:359,0
DA:360,0
DA:361,0
DA:366,0
DA:367,0
DA:373,0
DA:374,0
DA:375,0
DA:380,0
DA:381,0
DA:387,0
DA:393,0
DA:401,1
LF:116
LH:15
BRDA:12,0,0,0
BRDA:12,0,1,0
BRDA:18,1,0,0
BRDA:18,1,1,0
BRDA:28,2,0,0
BRDA:28,2,1,0
BRDA:30,3,0,0
BRDA:30,3,1,0
BRDA:31,4,0,0
BRDA:31,4,1,0
BRDA:32,5,0,0
BRDA:32,5,1,0
BRDA:33,6,0,0
BRDA:33,6,1,0
BRDA:49,7,0,0
BRDA:49,7,1,0
BRDA:98,8,0,0
BRDA:98,8,1,0
BRDA:117,9,0,0
BRDA:117,9,1,0
BRDA:123,10,0,0
BRDA:123,10,1,0
BRDA:129,11,0,0
BRDA:129,11,1,0
BRDA:129,12,0,0
BRDA:129,12,1,0
BRDA:152,13,0,0
BRDA:152,13,1,0
BRDA:171,14,0,0
BRDA:171,14,1,0
BRDA:177,15,0,0
BRDA:177,15,1,0
BRDA:184,16,0,0
BRDA:184,16,1,0
BRDA:190,17,0,0
BRDA:190,17,1,0
BRDA:196,18,0,0
BRDA:196,18,1,0
BRDA:222,19,0,0
BRDA:222,19,1,0
BRDA:228,20,0,0
BRDA:228,20,1,0
BRDA:236,21,0,0
BRDA:236,21,1,0
BRDA:242,22,0,0
BRDA:242,22,1,0
BRDA:268,23,0,0
BRDA:268,23,1,0
BRDA:274,24,0,0
BRDA:274,24,1,0
BRDA:282,25,0,0
BRDA:282,25,1,0
BRDA:288,26,0,0
BRDA:288,26,1,0
BRDA:314,27,0,0
BRDA:314,27,1,0
BRDA:320,28,0,0
BRDA:320,28,1,0
BRDA:328,29,0,0
BRDA:328,29,1,0
BRDA:334,30,0,0
BRDA:334,30,1,0
BRDA:360,31,0,0
BRDA:360,31,1,0
BRDA:366,32,0,0
BRDA:366,32,1,0
BRDA:374,33,0,0
BRDA:374,33,1,0
BRDA:380,34,0,0
BRDA:380,34,1,0
BRF:70
BRH:0
end_of_record
TN:
SF:controller\tracksys.controller.js
FN:9,(anonymous_0)
FN:34,(anonymous_1)
FN:42,(anonymous_2)
FN:51,(anonymous_3)
FN:55,(anonymous_4)
FN:62,(anonymous_5)
FN:74,(anonymous_6)
FN:81,(anonymous_7)
FN:95,(anonymous_8)
FN:110,(anonymous_9)
FN:117,(anonymous_10)
FNF:11
FNH:0
FNDA:0,(anonymous_0)
FNDA:0,(anonymous_1)
FNDA:0,(anonymous_2)
FNDA:0,(anonymous_3)
FNDA:0,(anonymous_4)
FNDA:0,(anonymous_5)
FNDA:0,(anonymous_6)
FNDA:0,(anonymous_7)
FNDA:0,(anonymous_8)
FNDA:0,(anonymous_9)
FNDA:0,(anonymous_10)
DA:1,1
DA:2,1
DA:3,1
DA:4,1
DA:5,1
DA:6,1
DA:9,1
DA:10,0
DA:16,0
DA:19,0
DA:24,0
DA:34,0
DA:42,1
DA:43,0
DA:51,0
DA:55,0
DA:62,0
DA:67,0
DA:74,0
DA:81,0
DA:84,0
DA:95,1
DA:96,0
DA:98,0
DA:106,0
DA:107,0
DA:110,0
DA:117,0
DA:120,0
DA:132,1
LF:30
LH:10
BRDA:62,0,0,0
BRDA:62,0,1,0
BRDA:62,1,0,0
BRDA:62,1,1,0
BRDA:81,2,0,0
BRDA:81,2,1,0
BRDA:81,3,0,0
BRDA:81,3,1,0
BRDA:106,4,0,0
BRDA:106,4,1,0
BRDA:117,5,0,0
BRDA:117,5,1,0
BRDA:117,6,0,0
BRDA:117,6,1,0
BRF:14
BRH:0
end_of_record
TN:
SF:controller\webhook.controller.js
FN:1,(anonymous_0)
FN:7,(anonymous_1)
FN:11,(anonymous_2)
FNF:3
FNH:0
FNDA:0,(anonymous_0)
FNDA:0,(anonymous_1)
FNDA:0,(anonymous_2)
DA:1,1
DA:2,0
DA:3,0
DA:4,0
DA:6,0
DA:7,0
DA:8,0
DA:10,0
DA:11,0
DA:12,0
DA:13,0
DA:17,0
DA:18,0
DA:22,0
DA:23,0
DA:30,0
DA:32,0
DA:35,0
DA:36,0
DA:40,1
LF:20
LH:2
BRDA:6,0,0,0
BRDA:6,0,1,0
BRDA:10,1,0,0
BRDA:10,1,1,0
BRDA:12,2,0,0
BRDA:12,2,1,0
BRDA:12,3,0,0
BRDA:12,3,1,0
BRDA:17,4,0,0
BRDA:17,4,1,0
BRDA:22,5,0,0
BRDA:22,5,1,0
BRF:12
BRH:0
end_of_record
TN:
SF:middleware\asyncWrapper.js
FN:6,(anonymous_0)
FN:7,(anonymous_1)
FNF:2
FNH:1
FNDA:81,(anonymous_0)
FNDA:0,(anonymous_1)
DA:6,1
DA:7,81
DA:8,0
DA:12,1
LF:4
LH:3
BRF:0
BRH:0
end_of_record
TN:
SF:middleware\authorizeRoles.js
FN:10,(anonymous_0)
FN:15,(anonymous_1)
FNF:2
FNH:1
FNDA:3,(anonymous_0)
FNDA:0,(anonymous_1)
DA:1,1
DA:2,1
DA:3,1
DA:10,1
DA:11,3
DA:12,0
DA:15,3
DA:16,0
DA:18,0
DA:19,0
DA:26,0
DA:27,0
DA:28,0
DA:35,0
DA:37,0
DA:38,0
DA:45,0
DA:46,0
DA:55,0
DA:64,0
DA:73,0
DA:76,0
DA:83,0
DA:94,1
DA:99,1
DA:104,1
DA:106,1
LF:27
LH:10
BRDA:11,0,0,0
BRDA:11,0,1,3
BRDA:11,1,0,3
BRDA:11,1,1,3
BRDA:18,2,0,0
BRDA:18,2,1,0
BRDA:18,3,0,0
BRDA:18,3,1,0
BRDA:27,4,0,0
BRDA:27,4,1,0
BRDA:27,5,0,0
BRDA:27,5,1,0
BRDA:37,6,0,0
BRDA:37,6,1,0
BRDA:45,7,0,0
BRDA:45,7,1,0
BRF:16
BRH:3
end_of_record
TN:
SF:middleware\bcrypt.js
FN:3,(anonymous_0)
FN:13,(anonymous_1)
FNF:2
FNH:0
FNDA:0,(anonymous_0)
FNDA:0,(anonymous_1)
DA:1,1
DA:3,1
DA:4,0
DA:5,0
DA:6,0
DA:8,0
DA:13,1
DA:14,0
DA:15,0
DA:16,0
DA:17,0
DA:19,0
DA:23,1
LF:13
LH:4
BRF:0
BRH:0
end_of_record
TN:
SF:middleware\cache.js
FN:7,(anonymous_0)
FN:23,(anonymous_1)
FN:41,(anonymous_2)
FN:63,(anonymous_3)
FN:71,(anonymous_4)
FN:85,(anonymous_5)
FN:101,(anonymous_6)
FN:114,(anonymous_7)
FN:128,(anonymous_8)
FN:129,(anonymous_9)
FN:148,(anonymous_10)
FN:165,(anonymous_11)
FN:166,(anonymous_12)
FN:168,(anonymous_13)
FN:170,(anonymous_14)
FN:171,(anonymous_15)
FN:172,(anonymous_16)
FN:185,(anonymous_17)
FN:197,(anonymous_18)
FNF:19
FNH:1
FNDA:1,(anonymous_0)
FNDA:0,(anonymous_1)
FNDA:0,(anonymous_2)
FNDA:0,(anonymous_3)
FNDA:0,(anonymous_4)
FNDA:0,(anonymous_5)
FNDA:0,(anonymous_6)
FNDA:0,(anonymous_7)
FNDA:0,(anonymous_8)
FNDA:0,(anonymous_9)
FNDA:0,(anonymous_10)
FNDA:0,(anonymous_11)
FNDA:0,(anonymous_12)
FNDA:0,(anonymous_13)
FNDA:0,(anonymous_14)
FNDA:0,(anonymous_15)
FNDA:0,(anonymous_16)
FNDA:0,(anonymous_17)
FNDA:0,(anonymous_18)
DA:8,1
DA:9,1
DA:24,0
DA:25,0
DA:30,0
DA:33,0
DA:42,0
DA:44,0
DA:45,0
DA:46,0
DA:49,0
DA:50,0
DA:51,0
DA:52,0
DA:55,0
DA:56,0
DA:64,0
DA:65,0
DA:72,0
DA:73,0
DA:86,0
DA:87,0
DA:89,0
DA:102,0
DA:103,0
DA:104,0
DA:105,0
DA:115,0
DA:120,1
DA:128,1
DA:129,0
DA:131,0
DA:132,0
DA:136,0
DA:139,0
DA:140,0
DA:141,0
DA:145,0
DA:148,0
DA:150,0
DA:153,0
DA:156,0
DA:165,1
DA:166,0
DA:168,0
DA:169,0
DA:170,0
DA:171,0
DA:172,0
DA:177,0
DA:185,1
DA:186,0
DA:197,1
DA:198,0
DA:199,0
DA:206,1
LF:56
LH:8
BRDA:23,0,0,0
BRDA:44,1,0,0
BRDA:44,1,1,0
BRDA:49,2,0,0
BRDA:49,2,1,0
BRDA:87,3,0,0
BRDA:87,3,1,0
BRDA:104,4,0,0
BRDA:104,4,1,0
BRDA:128,5,0,0
BRDA:128,6,0,0
BRDA:131,7,0,0
BRDA:131,7,1,0
BRDA:136,8,0,0
BRDA:136,8,1,0
BRDA:140,9,0,0
BRDA:140,9,1,0
BRDA:165,10,0,0
BRDA:169,11,0,0
BRDA:169,11,1,0
BRDA:169,12,0,0
BRDA:169,12,1,0
BRF:22
BRH:0
end_of_record
TN:
SF:middleware\checkPermissionsCommitteeMember.js
FN:1,(anonymous_0)
FNF:1
FNH:0
FNDA:0,(anonymous_0)
DA:1,0
DA:2,0
DA:3,0
DA:4,0
DA:6,0
DA:9,0
LF:6
LH:0
BRDA:3,0,0,0
BRDA:3,0,1,0
BRF:2
BRH:0
end_of_record
TN:
SF:middleware\cloudinaryUpload.js
FN:7,(anonymous_0)
FN:21,(anonymous_1)
FN:29,(anonymous_2)
FNF:3
FNH:0
FNDA:0,(anonymous_0)
FNDA:0,(anonymous_1)
FNDA:0,(anonymous_2)
DA:1,0
DA:2,0
DA:3,0
DA:4,0
DA:5,0
DA:7,0
DA:9,0
DA:10,0
DA:13,0
DA:15,0
DA:18,0
DA:21,0
DA:22,0
DA:25,0
DA:28,0
DA:29,0
DA:31,0
DA:35,0
LF:18
LH:0
BRDA:9,0,0,0
BRDA:9,0,1,0
BRDA:22,1,0,0
BRDA:22,1,1,0
BRDA:28,2,0,0
BRDA:28,2,1,0
BRF:6
BRH:0
end_of_record
TN:
SF:middleware\componentMiddleware.js
FN:7,(anonymous_0)
FN:8,(anonymous_1)
FN:10,(anonymous_2)
FN:24,(anonymous_3)
FN:40,(anonymous_4)
FN:48,(anonymous_5)
FN:56,(anonymous_6)
FN:65,(anonymous_7)
FNF:8
FNH:0
FNDA:0,(anonymous_0)
FNDA:0,(anonymous_1)
FNDA:0,(anonymous_2)
FNDA:0,(anonymous_3)
FNDA:0,(anonymous_4)
FNDA:0,(anonymous_5)
FNDA:0,(anonymous_6)
FNDA:0,(anonymous_7)
DA:1,0
DA:2,0
DA:3,0
DA:4,0
DA:7,0
DA:8,0
DA:9,0
DA:10,0
DA:11,0
DA:12,0
DA:16,0
DA:17,0
DA:19,0
DA:24,0
DA:25,0
DA:26,0
DA:27,0
DA:30,0
DA:31,0
DA:32,0
DA:35,0
DA:36,0
DA:40,0
DA:41,0
DA:42,0
DA:44,0
DA:48,0
DA:49,0
DA:50,0
DA:52,0
DA:56,0
DA:57,0
DA:58,0
DA:59,0
DA:61,0
DA:65,0
DA:66,0
DA:67,0
DA:68,0
DA:70,0
DA:73,0
LF:41
LH:0
BRDA:11,0,0,0
BRDA:11,0,1,0
BRDA:16,1,0,0
BRDA:16,1,1,0
BRDA:25,2,0,0
BRDA:25,2,1,0
BRDA:26,3,0,0
BRDA:26,3,1,0
BRDA:31,4,0,0
BRDA:31,4,1,0
BRDA:41,5,0,0
BRDA:41,5,1,0
BRDA:49,6,0,0
BRDA:49,6,1,0
BRDA:58,7,0,0
BRDA:58,7,1,0
BRDA:67,8,0,0
BRDA:67,8,1,0
BRDA:67,9,0,0
BRDA:67,9,1,0
BRF:20
BRH:0
end_of_record
TN:
SF:middleware\healthCheck.js
FN:8,(anonymous_0)
FN:82,(anonymous_1)
FNF:2
FNH:2
FNDA:3,(anonymous_0)
FNDA:7,(anonymous_1)
DA:1,1
DA:2,1
DA:8,1
DA:9,3
DA:11,3
DA:13,3
DA:14,3
DA:16,3
DA:17,3
DA:18,3
DA:19,0
DA:20,0
DA:22,3
DA:25,0
DA:26,0
DA:30,3
DA:31,3
DA:32,3
DA:33,3
DA:36,3
DA:37,3
DA:38,3
DA:40,3
DA:67,3
DA:69,0
DA:70,0
DA:82,1
DA:83,7
DA:84,7
DA:85,7
DA:87,7
DA:93,0
DA:94,0
DA:102,1
LF:34
LH:26
BRDA:18,0,0,0
BRDA:18,0,1,3
BRDA:36,1,0,3
BRDA:36,1,1,3
BRDA:37,2,0,3
BRDA:37,2,1,0
BRDA:38,3,0,3
BRDA:38,3,1,0
BRDA:61,4,0,3
BRDA:61,4,1,3
BRDA:62,5,0,3
BRDA:62,5,1,3
BRDA:63,6,0,3
BRDA:63,6,1,3
BRDA:84,7,0,7
BRDA:84,7,1,7
BRDA:85,8,0,7
BRDA:85,8,1,0
BRF:18
BRH:14
end_of_record
TN:
SF:middleware\jwt.js
FN:14,(anonymous_0)
FN:40,(anonymous_1)
FNF:2
FNH:0
FNDA:0,(anonymous_0)
FNDA:0,(anonymous_1)
DA:1,1
DA:2,1
DA:3,1
DA:4,1
DA:5,1
DA:6,1
DA:14,1
DA:15,0
DA:16,0
DA:17,0
DA:20,0
DA:21,0
DA:24,0
DA:30,0
DA:40,1
DA:41,0
DA:42,0
DA:43,0
DA:45,0
DA:46,0
DA:50,0
DA:51,0
DA:52,0
DA:53,0
DA:55,0
DA:58,0
DA:59,0
DA:62,0
DA:63,0
DA:66,0
DA:68,0
DA:69,0
DA:73,0
DA:74,0
DA:77,0
DA:78,0
DA:82,0
DA:83,0
DA:84,0
DA:85,0
DA:86,0
DA:87,0
DA:91,0
DA:92,0
DA:93,0
DA:94,0
DA:95,0
DA:99,0
DA:107,0
DA:116,1
LF:50
LH:9
BRDA:14,0,0,0
BRDA:16,1,0,0
BRDA:16,1,1,0
BRDA:16,2,0,0
BRDA:16,2,1,0
BRDA:20,3,0,0
BRDA:20,3,1,0
BRDA:42,4,0,0
BRDA:42,4,1,0
BRDA:45,5,0,0
BRDA:45,5,1,0
BRDA:45,6,0,0
BRDA:45,6,1,0
BRDA:50,7,0,0
BRDA:50,7,1,0
BRDA:52,8,0,0
BRDA:52,8,1,0
BRDA:52,9,0,0
BRDA:52,9,1,0
BRDA:58,10,0,0
BRDA:58,10,1,0
BRDA:62,11,0,0
BRDA:62,11,1,0
BRDA:68,12,0,0
BRDA:68,12,1,0
BRDA:73,13,0,0
BRDA:73,13,1,0
BRDA:73,14,0,0
BRDA:73,14,1,0
BRDA:82,15,0,0
BRDA:82,15,1,0
BRDA:84,16,0,0
BRDA:84,16,1,0
BRDA:86,17,0,0
BRDA:86,17,1,0
BRDA:91,18,0,0
BRDA:91,18,1,0
BRDA:95,19,0,0
BRDA:95,19,1,0
BRDA:99,20,0,0
BRDA:99,20,1,0
BRDA:101,21,0,0
BRDA:101,21,1,0
BRDA:107,22,0,0
BRDA:107,22,1,0
BRDA:109,23,0,0
BRDA:109,23,1,0
BRF:47
BRH:0
end_of_record
TN:
SF:middleware\loggerMiddleware.js
FN:1,(anonymous_0)
FNF:1
FNH:0
FNDA:0,(anonymous_0)
DA:1,0
DA:2,0
DA:3,0
LF:3
LH:0
BRF:0
BRH:0
end_of_record
TN:
SF:middleware\multer.js
FN:3,(anonymous_0)
FN:7,(anonymous_1)
FN:14,(anonymous_2)
FN:27,(anonymous_3)
FNF:4
FNH:0
FNDA:0,(anonymous_0)
FNDA:0,(anonymous_1)
FNDA:0,(anonymous_2)
FNDA:0,(anonymous_3)
DA:1,0
DA:2,0
DA:4,0
DA:5,0
DA:8,0
DA:9,0
DA:10,0
DA:14,0
DA:15,0
DA:16,0
DA:17,0
DA:19,0
DA:22,0
DA:27,0
DA:28,0
DA:29,0
DA:30,0
DA:31,0
DA:33,0
DA:37,0
LF:20
LH:0
BRDA:16,0,0,0
BRDA:16,0,1,0
BRF:2
BRH:0
end_of_record
TN:
SF:middleware\multerConfig.js
FN:7,(anonymous_0)
FN:10,(anonymous_1)
FN:19,(anonymous_2)
FNF:3
FNH:0
FNDA:0,(anonymous_0)
FNDA:0,(anonymous_1)
FNDA:0,(anonymous_2)
DA:1,0
DA:2,0
DA:3,0
DA:6,0
DA:8,0
DA:11,0
DA:12,0
DA:13,0
DA:14,0
DA:19,0
DA:20,0
DA:21,0
DA:23,0
DA:24,0
DA:27,0
DA:28,0
DA:31,0
DA:35,0
DA:43,0
LF:19
LH:0
BRDA:23,0,0,0
BRDA:23,0,1,0
BRDA:27,1,0,0
BRDA:27,1,1,0
BRF:4
BRH:0
end_of_record
TN:
SF:middleware\rateLimiter.js
FN:18,(anonymous_0)
FN:39,(anonymous_1)
FN:61,(anonymous_2)
FN:82,(anonymous_3)
FN:104,(anonymous_4)
FNF:5
FNH:0
FNDA:0,(anonymous_0)
FNDA:0,(anonymous_1)
FNDA:0,(anonymous_2)
FNDA:0,(anonymous_3)
FNDA:0,(anonymous_4)
DA:1,1
DA:8,1
DA:19,0
DA:29,1
DA:40,0
DA:51,1
DA:62,0
DA:72,1
DA:83,0
DA:94,1
DA:105,0
DA:114,1
LF:12
LH:7
BRF:0
BRH:0
end_of_record
TN:
SF:middleware\roleChecker.js
FN:9,(anonymous_0)
FNF:1
FNH:0
FNDA:0,(anonymous_0)
DA:1,0
DA:2,0
DA:3,0
DA:7,0
DA:8,0
DA:10,0
DA:11,0
DA:12,0
DA:13,0
DA:14,0
DA:16,0
LF:11
LH:0
BRDA:12,0,0,0
BRDA:12,0,1,0
BRF:2
BRH:0
end_of_record
TN:
SF:middleware\validateApprovalCommitteeMember.js
FN:6,(anonymous_0)
FNF:1
FNH:0
FNDA:0,(anonymous_0)
DA:1,0
DA:3,0
DA:7,0
DA:8,0
DA:9,0
DA:11,0
DA:15,0
LF:7
LH:0
BRDA:8,0,0,0
BRDA:8,0,1,0
BRF:2
BRH:0
end_of_record
TN:
SF:middleware\validation.js
FN:8,(anonymous_0)
FN:11,(anonymous_1)
FN:173,(anonymous_2)
FNF:3
FNH:2
FNDA:2,(anonymous_0)
FNDA:1,(anonymous_1)
FNDA:0,(anonymous_2)
DA:1,2
DA:2,2
DA:3,2
DA:8,2
DA:9,2
DA:10,2
DA:11,1
DA:12,1
DA:13,1
DA:15,1
DA:21,2
DA:58,2
DA:74,2
DA:91,2
DA:103,2
DA:120,2
DA:131,2
DA:142,2
DA:170,2
DA:174,0
DA:175,0
DA:188,2
LF:22
LH:20
BRDA:10,0,0,1
BRDA:10,0,1,1
BRF:2
BRH:2
end_of_record
TN:
SF:middleware\verifyWebhook.js
FN:3,verifyWebhook
FNF:1
FNH:0
FNDA:0,verifyWebhook
DA:1,1
DA:4,0
DA:5,0
DA:6,0
DA:8,0
DA:9,0
DA:10,0
DA:11,0
DA:13,0
DA:17,0
DA:24,1
LF:11
LH:2
BRDA:8,0,0,0
BRDA:8,0,1,0
BRDA:8,1,0,0
BRDA:8,1,1,0
BRDA:9,2,0,0
BRDA:9,2,1,0
BRDA:9,3,0,0
BRDA:9,3,1,0
BRF:8
BRH:0
end_of_record
TN:
SF:mongoose.models\announcement.js
FNF:0
FNH:0
DA:1,1
DA:3,1
DA:27,1
DA:29,1
LF:4
LH:4
BRF:0
BRH:0
end_of_record
TN:
SF:mongoose.models\blog.js
FNF:0
FNH:0
DA:1,1
DA:2,1
DA:21,1
LF:3
LH:3
BRF:0
BRH:0
end_of_record
TN:
SF:mongoose.models\committee.js
FNF:0
FNH:0
DA:2,0
DA:24,0
LF:2
LH:0
BRF:0
BRH:0
end_of_record
TN:
SF:mongoose.models\component.js
FNF:0
FNH:0
DA:1,1
DA:3,1
DA:55,1
DA:56,1
LF:4
LH:4
BRF:0
BRH:0
end_of_record
TN:
SF:mongoose.models\course.js
FNF:0
FNH:0
DA:1,1
DA:3,1
DA:46,1
DA:47,1
LF:4
LH:4
BRF:0
BRH:0
end_of_record
TN:
SF:mongoose.models\guest.js
FNF:0
FNH:0
DA:4,1
DA:5,1
DA:7,1
DA:24,1
DA:26,1
LF:5
LH:5
BRF:0
BRH:0
end_of_record
TN:
SF:mongoose.models\lapDate.js
FNF:0
FNH:0
DA:1,1
DA:3,1
DA:19,1
DA:21,1
LF:4
LH:4
BRF:0
BRH:0
end_of_record
TN:
SF:mongoose.models\meeting.js
FN:14,(anonymous_0)
FN:15,(anonymous_1)
FNF:2
FNH:0
FNDA:0,(anonymous_0)
FNDA:0,(anonymous_1)
DA:1,1
DA:3,1
DA:15,0
DA:25,1
DA:27,1
LF:5
LH:4
BRDA:15,0,0,0
BRDA:15,0,1,0
BRF:2
BRH:0
end_of_record
TN:
SF:mongoose.models\member.js
FN:21,(anonymous_0)
FN:30,(anonymous_1)
FN:39,(anonymous_2)
FN:48,(anonymous_3)
FN:58,(anonymous_4)
FN:67,(anonymous_5)
FN:116,(anonymous_6)
FN:249,(anonymous_7)
FN:302,(anonymous_8)
FN:344,(anonymous_9)
FN:349,(anonymous_10)
FN:359,(anonymous_11)
FN:375,(anonymous_12)
FN:388,(anonymous_13)
FN:396,(anonymous_14)
FN:399,(anonymous_15)
FNF:16
FNH:0
FNDA:0,(anonymous_0)
FNDA:0,(anonymous_1)
FNDA:0,(anonymous_2)
FNDA:0,(anonymous_3)
FNDA:0,(anonymous_4)
FNDA:0,(anonymous_5)
FNDA:0,(anonymous_6)
FNDA:0,(anonymous_7)
FNDA:0,(anonymous_8)
FNDA:0,(anonymous_9)
FNDA:0,(anonymous_10)
FNDA:0,(anonymous_11)
FNDA:0,(anonymous_12)
FNDA:0,(anonymous_13)
FNDA:0,(anonymous_14)
FNDA:0,(anonymous_15)
DA:1,1
DA:2,1
DA:3,1
DA:6,1
DA:22,0
DA:31,0
DA:40,0
DA:49,0
DA:59,0
DA:68,0
DA:110,1
DA:117,0
DA:121,0
DA:152,1
DA:250,0
DA:303,0
DA:344,1
DA:345,0
DA:349,1
DA:350,0
DA:354,1
DA:355,1
DA:356,1
DA:359,1
DA:360,0
DA:361,0
DA:362,0
DA:363,0
DA:364,0
DA:365,0
DA:366,0
DA:368,0
DA:370,0
DA:375,1
DA:376,0
DA:377,0
DA:378,0
DA:379,0
DA:381,0
DA:383,0
DA:388,1
DA:389,0
DA:396,1
DA:397,0
DA:399,0
DA:400,0
DA:401,0
DA:406,1
LF:48
LH:16
BRDA:22,0,0,0
BRDA:22,0,1,0
BRDA:31,1,0,0
BRDA:31,1,1,0
BRDA:40,2,0,0
BRDA:40,2,1,0
BRDA:49,3,0,0
BRDA:49,3,1,0
BRDA:59,4,0,0
BRDA:59,4,1,0
BRDA:68,5,0,0
BRDA:68,5,1,0
BRDA:250,6,0,0
BRDA:250,6,1,0
BRDA:303,7,0,0
BRDA:303,7,1,0
BRDA:350,8,0,0
BRDA:350,8,1,0
BRDA:362,9,0,0
BRDA:362,9,1,0
BRDA:377,10,0,0
BRDA:377,10,1,0
BRDA:397,11,0,0
BRDA:397,11,1,0
BRDA:397,12,0,0
BRDA:397,12,1,0
BRDA:400,13,0,0
BRDA:400,13,1,0
BRDA:400,14,0,0
BRDA:400,14,1,0
BRF:30
BRH:0
end_of_record
TN:
SF:mongoose.models\track.js
FNF:0
FNH:0
DA:1,1
DA:3,1
DA:54,1
DA:55,1
LF:4
LH:4
BRF:0
BRH:0
end_of_record
TN:
SF:mongoose.models\visits.js
FNF:0
FNH:0
DA:1,1
DA:4,1
DA:14,1
DA:16,1
LF:4
LH:4
BRF:0
BRH:0
end_of_record
TN:
SF:routers\announcement.js
FNF:0
FNH:0
DA:1,1
DA:3,1
DA:5,1
DA:7,1
DA:10,1
DA:13,1
DA:17,1
DA:25,1
DA:29,1
LF:9
LH:9
BRF:0
BRH:0
end_of_record
TN:
SF:routers\applicant.js
FNF:0
FNH:0
DA:1,1
DA:2,1
DA:3,1
DA:4,1
DA:6,1
DA:9,1
DA:12,1
DA:15,1
DA:18,1
DA:21,1
DA:24,1
DA:27,1
LF:12
LH:12
BRF:0
BRH:0
end_of_record
TN:
SF:routers\blog.router.js
FNF:0
FNH:0
DA:1,1
DA:3,1
DA:4,1
DA:5,1
DA:7,1
DA:9,1
DA:11,1
LF:7
LH:7
BRF:0
BRH:0
end_of_record
TN:
SF:routers\committee.router.js
FNF:0
FNH:0
LF:0
LH:0
BRF:0
BRH:0
end_of_record
TN:
SF:routers\component.router.js
FN:11,(anonymous_0)
FN:26,(anonymous_1)
FN:29,(anonymous_2)
FN:37,(anonymous_3)
FN:55,(anonymous_4)
FNF:5
FNH:0
FNDA:0,(anonymous_0)
FNDA:0,(anonymous_1)
FNDA:0,(anonymous_2)
FNDA:0,(anonymous_3)
FNDA:0,(anonymous_4)
DA:1,1
DA:2,1
DA:3,1
DA:4,1
DA:5,1
DA:6,1
DA:7,1
DA:8,1
DA:9,1
DA:11,1
DA:12,0
DA:13,0
DA:16,0
DA:17,0
DA:18,0
DA:19,0
DA:21,0
DA:25,1
DA:27,0
DA:30,0
DA:31,0
DA:32,0
DA:33,0
DA:37,1
DA:38,0
DA:39,0
DA:40,0
DA:42,0
DA:47,1
DA:53,1
DA:56,0
DA:57,0
DA:58,0
DA:62,0
DA:63,0
DA:64,0
DA:70,0
DA:75,1
DA:77,1
DA:79,1
DA:83,1
DA:86,1
DA:87,1
DA:88,1
DA:89,1
DA:90,1
DA:91,1
DA:92,1
DA:95,1
LF:49
LH:26
BRDA:16,0,0,0
BRDA:16,0,1,0
BRDA:16,1,0,0
BRDA:16,1,1,0
BRDA:39,2,0,0
BRDA:39,2,1,0
BRDA:39,3,0,0
BRDA:39,3,1,0
BRDA:39,3,2,0
BRDA:57,4,0,0
BRDA:57,4,1,0
BRF:11
BRH:0
end_of_record
TN:
SF:routers\course.js
FNF:0
FNH:0
DA:1,1
DA:2,1
DA:4,1
DA:5,1
DA:9,1
DA:11,1
DA:16,1
DA:19,1
DA:22,1
DA:30,1
DA:33,1
DA:38,1
DA:41,1
DA:44,1
DA:47,1
DA:54,1
DA:61,1
DA:68,1
DA:74,1
LF:19
LH:19
BRF:0
BRH:0
end_of_record
TN:
SF:routers\guest.js
FNF:0
FNH:0
DA:2,1
DA:3,1
DA:4,1
DA:7,1
DA:11,1
LF:5
LH:5
BRF:0
BRH:0
end_of_record
TN:
SF:routers\lapDates.js
FNF:0
FNH:0
DA:1,1
DA:2,1
DA:3,1
DA:4,1
DA:6,1
DA:7,1
DA:9,1
LF:7
LH:7
BRF:0
BRH:0
end_of_record
TN:
SF:routers\meeting.js
FNF:0
FNH:0
DA:1,1
DA:3,1
DA:4,1
DA:5,1
DA:7,1
DA:8,1
DA:9,1
DA:10,1
DA:12,1
LF:9
LH:9
BRF:0
BRH:0
end_of_record
TN:
SF:routers\member.router.js
FN:34,(anonymous_0)
FN:56,(anonymous_1)
FNF:2
FNH:0
FNDA:0,(anonymous_0)
FNDA:0,(anonymous_1)
DA:1,1
DA:2,1
DA:3,1
DA:4,1
DA:5,1
DA:6,1
DA:7,1
DA:8,1
DA:14,1
DA:23,1
DA:26,1
DA:28,1
DA:36,0
DA:37,0
DA:41,0
DA:42,0
DA:44,0
DA:45,0
DA:48,0
DA:53,1
DA:57,0
DA:58,0
DA:59,0
DA:66,0
DA:71,0
DA:72,0
DA:73,0
DA:76,0
DA:77,0
DA:89,1
DA:95,1
DA:101,1
DA:108,1
DA:115,1
DA:121,1
DA:127,1
DA:134,1
DA:139,1
DA:145,1
DA:152,1
DA:158,1
DA:165,1
DA:171,1
DA:177,1
LF:44
LH:28
BRDA:36,0,0,0
BRDA:36,0,1,0
BRDA:44,1,0,0
BRDA:44,1,1,0
BRDA:58,2,0,0
BRDA:58,2,1,0
BRF:6
BRH:0
end_of_record
TN:
SF:routers\track.js
FNF:0
FNH:0
DA:2,1
DA:3,1
DA:4,1
DA:5,1
DA:6,1
DA:11,1
DA:14,1
DA:16,1
DA:24,1
DA:27,1
DA:38,1
LF:11
LH:11
BRF:0
BRH:0
end_of_record
TN:
SF:routers\tracksys.js
FNF:0
FNH:0
DA:1,1
DA:2,1
DA:3,1
DA:4,1
DA:5,1
DA:8,1
DA:11,1
DA:14,1
DA:16,1
LF:9
LH:9
BRF:0
BRH:0
end_of_record
TN:
SF:routers\visit.js
FN:12,(anonymous_0)
FN:44,(anonymous_1)
FN:62,(anonymous_2)
FNF:3
FNH:0
FNDA:0,(anonymous_0)
FNDA:0,(anonymous_1)
FNDA:0,(anonymous_2)
DA:1,1
DA:2,1
DA:4,1
DA:5,1
DA:7,1
DA:9,1
DA:11,1
DA:13,0
DA:15,0
DA:16,0
DA:18,0
DA:19,0
DA:21,0
DA:25,0
DA:26,0
DA:32,0
DA:33,0
DA:37,0
DA:38,0
DA:45,0
DA:46,0
DA:47,0
DA:55,1
DA:64,0
DA:69,0
DA:76,1
LF:26
LH:9
BRDA:16,0,0,0
BRDA:16,0,1,0
BRDA:18,1,0,0
BRDA:18,1,1,0
BRF:4
BRH:0
end_of_record
TN:
SF:routers\webhook.router.js
FNF:0
FNH:0
DA:1,1
DA:2,1
DA:3,1
DA:4,1
DA:7,1
DA:10,1
DA:12,1
LF:7
LH:7
BRF:0
BRH:0
end_of_record
TN:
SF:utils\cloudinary.js
FN:18,(anonymous_0)
FN:40,(anonymous_1)
FN:43,(anonymous_2)
FN:90,(anonymous_3)
FN:133,(anonymous_4)
FNF:5
FNH:0
FNDA:0,(anonymous_0)
FNDA:0,(anonymous_1)
FNDA:0,(anonymous_2)
FNDA:0,(anonymous_3)
FNDA:0,(anonymous_4)
DA:1,1
DA:2,1
DA:5,1
DA:18,1
DA:19,0
DA:20,0
DA:21,0
DA:24,0
DA:38,0
DA:40,0
DA:41,0
DA:44,0
DA:45,0
DA:48,0
DA:52,0
DA:55,0
DA:56,0
DA:59,0
DA:67,0
DA:75,0
DA:80,0
DA:90,1
DA:91,0
DA:92,0
DA:93,0
DA:96,0
DA:100,0
DA:101,0
DA:107,0
DA:113,0
DA:116,0
DA:123,0
DA:133,1
DA:134,0
DA:135,0
DA:136,0
DA:139,0
DA:147,0
DA:149,0
DA:153,0
DA:159,0
DA:163,1
LF:42
LH:7
BRDA:18,0,0,0
BRDA:20,1,0,0
BRDA:20,1,1,0
BRDA:38,2,0,0
BRDA:38,2,1,0
BRDA:44,3,0,0
BRDA:44,3,1,0
BRDA:55,4,0,0
BRDA:55,4,1,0
BRDA:55,5,0,0
BRDA:55,5,1,0
BRDA:90,6,0,0
BRDA:92,7,0,0
BRDA:92,7,1,0
BRDA:100,8,0,0
BRDA:100,8,1,0
BRDA:133,9,0,0
BRDA:135,10,0,0
BRDA:135,10,1,0
BRF:19
BRH:0
end_of_record
TN:
SF:utils\createError.js
FN:8,(anonymous_0)
FNF:1
FNH:1
FNDA:1,(anonymous_0)
DA:8,2
DA:9,1
DA:10,0
DA:13,1
DA:14,0
DA:17,1
DA:18,0
DA:21,1
DA:22,1
DA:23,1
DA:24,1
DA:26,1
DA:29,2
LF:13
LH:10
BRDA:9,0,0,0
BRDA:9,0,1,1
BRDA:9,1,0,1
BRDA:9,1,1,1
BRDA:13,2,0,0
BRDA:13,2,1,1
BRDA:13,3,0,1
BRDA:13,3,1,1
BRDA:17,4,0,0
BRDA:17,4,1,1
BRDA:17,5,0,1
BRDA:17,5,1,1
BRF:12
BRH:9
end_of_record
TN:
SF:utils\httpStatusText.js
FNF:0
FNH:0
DA:1,2
DA:2,2
DA:3,2
DA:5,2
LF:4
LH:4
BRF:0
BRH:0
end_of_record
TN:
SF:utils\logger.js
FN:15,(anonymous_0)
FN:56,(anonymous_1)
FN:62,(anonymous_2)
FN:66,(anonymous_3)
FN:77,(anonymous_4)
FN:81,(anonymous_5)
FN:86,(anonymous_6)
FN:89,(anonymous_7)
FN:112,(anonymous_8)
FN:122,(anonymous_9)
FN:134,(anonymous_10)
FNF:11
FNH:0
FNDA:0,(anonymous_0)
FNDA:0,(anonymous_1)
FNDA:0,(anonymous_2)
FNDA:0,(anonymous_3)
FNDA:0,(anonymous_4)
FNDA:0,(anonymous_5)
FNDA:0,(anonymous_6)
FNDA:0,(anonymous_7)
FNDA:0,(anonymous_8)
FNDA:0,(anonymous_9)
FNDA:0,(anonymous_10)
DA:1,0
DA:2,0
DA:5,0
DA:12,0
DA:16,0
DA:17,0
DA:18,0
DA:20,0
DA:25,0
DA:48,0
DA:49,0
DA:55,0
DA:57,0
DA:62,0
DA:63,0
DA:66,0
DA:67,0
DA:68,0
DA:74,0
DA:77,0
DA:78,0
DA:81,0
DA:82,0
DA:86,0
DA:87,0
DA:89,0
DA:90,0
DA:91,0
DA:101,0
DA:102,0
DA:104,0
DA:108,0
DA:112,0
DA:113,0
DA:122,0
DA:123,0
DA:124,0
DA:134,0
DA:135,0
DA:136,0
DA:145,0
LF:41
LH:0
BRDA:17,0,0,0
BRDA:17,0,1,0
BRDA:26,1,0,0
BRDA:26,1,1,0
BRDA:48,2,0,0
BRDA:48,2,1,0
BRDA:62,3,0,0
BRDA:66,4,0,0
BRDA:66,5,0,0
BRDA:67,6,0,0
BRDA:67,6,1,0
BRDA:77,7,0,0
BRDA:81,8,0,0
BRDA:96,9,0,0
BRDA:96,9,1,0
BRDA:98,10,0,0
BRDA:98,10,1,0
BRDA:101,11,0,0
BRDA:101,11,1,0
BRDA:112,12,0,0
BRDA:112,13,0,0
BRDA:122,14,0,0
BRDA:122,15,0,0
BRDA:122,16,0,0
BRDA:122,17,0,0
BRDA:123,18,0,0
BRDA:123,18,1,0
BRDA:134,19,0,0
BRDA:134,20,0,0
BRDA:135,21,0,0
BRDA:135,21,1,0
BRF:31
BRH:0
end_of_record
TN:
SF:utils\otp.js
FN:7,(anonymous_0)
FN:10,(anonymous_1)
FN:30,(anonymous_2)
FN:31,(anonymous_3)
FNF:4
FNH:0
FNDA:0,(anonymous_0)
FNDA:0,(anonymous_1)
FNDA:0,(anonymous_2)
FNDA:0,(anonymous_3)
DA:1,1
DA:2,1
DA:3,1
DA:4,1
DA:5,1
DA:7,1
DA:10,0
DA:13,0
DA:22,0
DA:23,0
DA:24,0
DA:30,1
DA:31,0
DA:34,0
DA:35,0
DA:42,0
DA:44,0
DA:46,0
DA:47,0
DA:50,0
DA:51,0
DA:61,1
LF:22
LH:8
BRDA:44,0,0,0
BRDA:44,0,1,0
BRF:2
BRH:0
end_of_record
TN:
SF:utils\sendEmail.js
FN:8,(anonymous_0)
FN:33,(anonymous_1)
FN:92,(anonymous_2)
FNF:3
FNH:0
FNDA:0,(anonymous_0)
FNDA:0,(anonymous_1)
FNDA:0,(anonymous_2)
DA:1,1
DA:2,1
DA:8,1
DA:9,0
DA:10,0
DA:13,0
DA:33,1
DA:34,0
DA:36,0
DA:38,0
DA:39,0
DA:43,0
DA:44,0
DA:45,0
DA:48,0
DA:50,0
DA:58,0
DA:60,0
DA:67,0
DA:74,0
DA:81,0
DA:92,1
DA:93,0
DA:94,0
DA:95,0
DA:98,0
DA:99,0
DA:101,0
DA:109,0
DA:113,1
LF:30
LH:6
BRDA:9,0,0,0
BRDA:9,0,1,0
BRDA:9,1,0,0
BRDA:9,1,1,0
BRDA:38,2,0,0
BRDA:38,2,1,0
BRDA:38,3,0,0
BRDA:38,3,1,0
BRDA:38,3,2,0
BRDA:38,3,3,0
BRDA:44,4,0,0
BRDA:44,4,1,0
BRDA:54,5,0,0
BRDA:54,5,1,0
BRDA:55,6,0,0
BRDA:55,6,1,0
BRDA:94,7,0,0
BRDA:94,7,1,0
BRF:18
BRH:0
end_of_record
TN:
SF:utils\strongPass.js
FN:1,(anonymous_0)
FNF:1
FNH:0
FNDA:0,(anonymous_0)
DA:1,1
DA:2,0
DA:5,0
DA:6,0
DA:10,0
DA:11,0
DA:15,0
DA:16,0
DA:20,0
DA:21,0
DA:25,0
DA:26,0
DA:29,0
LF:13
LH:1
BRDA:5,0,0,0
BRDA:5,0,1,0
BRDA:10,1,0,0
BRDA:10,1,1,0
BRDA:15,2,0,0
BRDA:15,2,1,0
BRDA:20,3,0,0
BRDA:20,3,1,0
BRDA:25,4,0,0
BRDA:25,4,1,0
BRF:10
BRH:0
end_of_record
